0 info it worked if it ends with ok
1 verbose cli [ '/usr/local/bin/node', '/usr/local/bin/npm', 'run', 'lint' ]
2 info using npm@3.10.10
3 info using node@v6.11.3
4 verbose run-script [ 'prelint', 'lint', 'postlint' ]
5 info lifecycle coffeescope2@0.4.6~prelint: coffeescope2@0.4.6
6 silly lifecycle coffeescope2@0.4.6~prelint: no script for prelint, continuing
7 info lifecycle coffeescope2@0.4.6~lint: coffeescope2@0.4.6
8 verbose lifecycle coffeescope2@0.4.6~lint: unsafe-perm in lifecycle true
9 verbose lifecycle coffeescope2@0.4.6~lint: PATH: /usr/local/lib/node_modules/npm/bin/node-gyp-bin:/Users/radu/Documents/coffeescope2/node_modules/.bin:/opt/local/bin:/opt/local/sbin:/usr/local/bin:/usr/bin:/bin:/usr/sbin:/sbin
10 verbose lifecycle coffeescope2@0.4.6~lint: CWD: /Users/radu/Documents/coffeescope2
11 silly lifecycle coffeescope2@0.4.6~lint: Args: [ '-c', 'coffeelint src/ && coffeelint test/' ]
12 silly lifecycle coffeescope2@0.4.6~lint: Returned: code: 1  signal: null
13 info lifecycle coffeescope2@0.4.6~lint: Failed to exec lint script
14 verbose stack Error: coffeescope2@0.4.6 lint: `coffeelint src/ && coffeelint test/`
14 verbose stack Exit status 1
14 verbose stack     at EventEmitter.<anonymous> (/usr/local/lib/node_modules/npm/lib/utils/lifecycle.js:255:16)
14 verbose stack     at emitTwo (events.js:106:13)
14 verbose stack     at EventEmitter.emit (events.js:191:7)
14 verbose stack     at ChildProcess.<anonymous> (/usr/local/lib/node_modules/npm/lib/utils/spawn.js:40:14)
14 verbose stack     at emitTwo (events.js:106:13)
14 verbose stack     at ChildProcess.emit (events.js:191:7)
14 verbose stack     at maybeClose (internal/child_process.js:920:16)
14 verbose stack     at Process.ChildProcess._handle.onexit (internal/child_process.js:230:5)
15 verbose pkgid coffeescope2@0.4.6
16 verbose cwd /Users/radu/Documents/coffeescope2
17 error Darwin 17.2.0
18 error argv "/usr/local/bin/node" "/usr/local/bin/npm" "run" "lint"
19 error node v6.11.3
20 error npm  v3.10.10
21 error code ELIFECYCLE
22 error coffeescope2@0.4.6 lint: `coffeelint src/ && coffeelint test/`
22 error Exit status 1
23 error Failed at the coffeescope2@0.4.6 lint script 'coffeelint src/ && coffeelint test/'.
23 error Make sure you have the latest version of node.js and npm installed.
23 error If you do, this is most likely a problem with the coffeescope2 package,
23 error not with npm itself.
23 error Tell the author that this fails on your system:
23 error     coffeelint src/ && coffeelint test/
23 error You can get information on how to open an issue for this project with:
23 error     npm bugs coffeescope2
23 error Or if that isn't available, you can get their info via:
23 error     npm owner ls coffeescope2
23 error There is likely additional logging output above.
24 verbose exit [ 1, true ]
